<?xml version="1.0" encoding="UTF-8"?>
<testsuite xmlns:xsi="http://www.w3.org/2001/XMLSchema-instance" xsi:noNamespaceSchemaLocation="https://maven.apache.org/surefire/maven-surefire-plugin/xsd/surefire-test-report-3.0.xsd" version="3.0" name="desattack.DESFaultAttackTest" time="0.169" tests="17" errors="0" skipped="0" failures="0">
  <properties>
[...]
</properties>
  <testcase name="testAddParityBits_lengthAndParity" classname="desattack.DESFaultAttackTest" time="0.044"/>
  <testcase name="testAddParityBitsParities" classname="desattack.DESFaultAttackTest" time="0.005"/>
  <testcase name="testPermuteAndInversePermute" classname="desattack.DESFaultAttackTest" time="0.003"/>
  <testcase name="testRecoverFullKey_outputsExpected" classname="desattack.DESFaultAttackTest" time="0.073"/>
  <testcase name="testRecoverK16_correctValue" classname="desattack.DESFaultAttackTest" time="0.022"/>
  <testcase name="testInitialPerm_extractsR16L16" classname="desattack.DESFaultAttackTest" time="0.001"/>
  <testcase name="testApplySBox_knownValue" classname="desattack.DESFaultAttackTest" time="0"/>
  <testcase name="testXor_basic" classname="desattack.DESFaultAttackTest" time="0"/>
  <testcase name="testRevPC1Mapping" classname="desattack.DESFaultAttackTest" time="0.003"/>
  <testcase name="testSBoxKnownValues" classname="desattack.DESFaultAttackTest" time="0"/>
  <testcase name="testExpansion" classname="desattack.DESFaultAttackTest" time="0"/>
  <testcase name="testReplaceUnknownBits" classname="desattack.DESFaultAttackTest" time="0.001"/>
  <testcase name="testSplitPAndInverseP" classname="desattack.DESFaultAttackTest" time="0"/>
  <testcase name="testExpand" classname="desattack.DESFaultAttackTest" time="0"/>
  <testcase name="testInverseP" classname="desattack.DESFaultAttackTest" time="0.001"/>
  <testcase name="testRevPC2Mapping" classname="desattack.DESFaultAttackTest" time="0.001"/>
  <testcase name="testExpand_allZeros" classname="desattack.DESFaultAttackTest" time="0"/>
</testsuite>